2024-02-13 23:08:15,020: Logging to /Users/evanrobert/Documents/ESDL_Research/ESDL_LSTM/neuralhydrology/runs/exploration_run_1302_230815/output.log initialized.
2024-02-13 23:08:15,021: ### Folder structure created at /Users/evanrobert/Documents/ESDL_Research/ESDL_LSTM/neuralhydrology/runs/exploration_run_1302_230815
2024-02-13 23:08:15,021: ### Run configurations for exploration_run
2024-02-13 23:08:15,022: experiment_name: exploration_run
2024-02-13 23:08:15,022: train_basin_file: ../initial_exploration/exploration_tuler
2024-02-13 23:08:15,022: validation_basin_file: exploration_tuler
2024-02-13 23:08:15,023: test_basin_file: exploration_tuler
2024-02-13 23:08:15,024: train_start_date: 1982-10-01 00:00:00
2024-02-13 23:08:15,024: train_end_date: 1990-09-30 00:00:00
2024-02-13 23:08:15,025: validation_start_date: 1901-10-01 00:00:00
2024-02-13 23:08:15,025: validation_end_date: 2000-09-30 00:00:00
2024-02-13 23:08:15,025: test_start_date: 2001-10-01 00:00:00
2024-02-13 23:08:15,025: test_end_date: 2005-09-30 00:00:00
2024-02-13 23:08:15,026: device: cpu
2024-02-13 23:08:15,026: validate_every: 3
2024-02-13 23:08:15,026: validate_n_random_basins: 1
2024-02-13 23:08:15,027: metrics: ['NSE', 'MSE']
2024-02-13 23:08:15,027: model: cudalstm
2024-02-13 23:08:15,027: head: regression
2024-02-13 23:08:15,028: output_activation: linear
2024-02-13 23:08:15,028: hidden_size: 20
2024-02-13 23:08:15,028: initial_forget_bias: 3
2024-02-13 23:08:15,028: output_dropout: 0.4
2024-02-13 23:08:15,029: optimizer: Adam
2024-02-13 23:08:15,029: loss: MSE
2024-02-13 23:08:15,030: learning_rate: {0: 0.01, 30: 0.005, 40: 0.001}
2024-02-13 23:08:15,030: batch_size: 256
2024-02-13 23:08:15,030: epochs: 15
2024-02-13 23:08:15,031: clip_gradient_norm: 1
2024-02-13 23:08:15,031: predict_last_n: 1
2024-02-13 23:08:15,032: seq_length: 365
2024-02-13 23:08:15,032: num_workers: 8
2024-02-13 23:08:15,033: log_interval: 5
2024-02-13 23:08:15,033: log_tensorboard: False
2024-02-13 23:08:15,033: log_n_figures: 1
2024-02-13 23:08:15,034: save_weights_every: 1
2024-02-13 23:08:15,034: dataset: usace
2024-02-13 23:08:15,034: data_dir: /Users/evanrobert/Documents/ESDL_Research/Training_Data_3_Basins
2024-02-13 23:08:15,035: dynamic_inputs: ['MF_TuleR_S10ET-POTENTIAL', 'MF_TuleR_S10FLOW', 'MF_TuleR_S10PRECIP-INC', 'MF_TuleR_S10SATURATION FRACTION', 'MF_TuleR_S10STORAGE-SOIL', 'MF_TuleR_S10SWE-OBSERVED', 'MF_TuleR_S10TEMPERATURE-AIR', 'MF_TuleR_S20ET-POTENTIAL', 'MF_TuleR_S20FLOW', 'MF_TuleR_S20PRECIP-INC', 'MF_TuleR_S20SATURATION FRACTION', 'MF_TuleR_S20STORAGE-SOIL', 'MF_TuleR_S20SWE-OBSERVED', 'MF_TuleR_S20TEMPERATURE-AIR', 'NF_TuleR_S10ET-POTENTIAL', 'NF_TuleR_S10FLOW', 'NF_TuleR_S10PRECIP-INC', 'NF_TuleR_S10SATURATION FRACTION', 'NF_TuleR_S10STORAGE-SOIL', 'NF_TuleR_S10SWE-OBSERVED', 'NF_TuleR_S10TEMPERATURE-AIR', 'ReservoirInflowFLOW', 'SF_TuleR_S10ET-POTENTIAL', 'SF_TuleR_S10FLOW', 'SF_TuleR_S10PRECIP-INC', 'SF_TuleR_S10SATURATION FRACTION', 'SF_TuleR_S10STORAGE-SOIL', 'SF_TuleR_S10SWE-OBSERVED', 'SF_TuleR_S10TEMPERATURE-AIR', 'TuleR_S10ET-POTENTIAL', 'TuleR_S10FLOW', 'TuleR_S10PRECIP-INC', 'TuleR_S10SATURATION FRACTION', 'TuleR_S10STORAGE-SOIL', 'TuleR_S10TEMPERATURE-AIR', 'TuleR_S20ET-POTENTIAL', 'TuleR_S20FLOW', 'TuleR_S20PRECIP-INC', 'TuleR_S20SATURATION FRACTION', 'TuleR_S20STORAGE-SOIL', 'TuleR_S20SWE-OBSERVED', 'TuleR_S20TEMPERATURE-AIR']
2024-02-13 23:08:15,035: target_variables: ['ReservoirInflowFLOW-OBSERVED']
2024-02-13 23:08:15,036: number_of_basins: 1
2024-02-13 23:08:15,036: run_dir: /Users/evanrobert/Documents/ESDL_Research/ESDL_LSTM/neuralhydrology/runs/exploration_run_1302_230815
2024-02-13 23:08:15,037: train_dir: /Users/evanrobert/Documents/ESDL_Research/ESDL_LSTM/neuralhydrology/runs/exploration_run_1302_230815/train_data
2024-02-13 23:08:15,037: img_log_dir: /Users/evanrobert/Documents/ESDL_Research/ESDL_LSTM/neuralhydrology/runs/exploration_run_1302_230815/img_log
2024-02-13 23:08:15,044: ### Device cpu will be used for training
2024-02-13 23:08:15,045: Loading basin data into xarray data set.
2024-02-13 23:12:48,347: Logging to /Users/evanrobert/Documents/ESDL_Research/ESDL_LSTM/neuralhydrology/runs/exploration_run_1302_231248/output.log initialized.
2024-02-13 23:12:48,350: ### Folder structure created at /Users/evanrobert/Documents/ESDL_Research/ESDL_LSTM/neuralhydrology/runs/exploration_run_1302_231248
2024-02-13 23:12:48,350: ### Run configurations for exploration_run
2024-02-13 23:12:48,350: experiment_name: exploration_run
2024-02-13 23:12:48,351: train_basin_file: ../initial_exploration/exploration_tuler
2024-02-13 23:12:48,351: validation_basin_file: ../initial_exploration/exploration_tuler
2024-02-13 23:12:48,352: test_basin_file: ../initial_exploration/exploration_tuler
2024-02-13 23:12:48,352: train_start_date: 1982-10-01 00:00:00
2024-02-13 23:12:48,353: train_end_date: 1990-09-30 00:00:00
2024-02-13 23:12:48,354: validation_start_date: 1901-10-01 00:00:00
2024-02-13 23:12:48,355: validation_end_date: 2000-09-30 00:00:00
2024-02-13 23:12:48,357: test_start_date: 2001-10-01 00:00:00
2024-02-13 23:12:48,359: test_end_date: 2005-09-30 00:00:00
2024-02-13 23:12:48,363: device: cpu
2024-02-13 23:12:48,364: validate_every: 3
2024-02-13 23:12:48,365: validate_n_random_basins: 1
2024-02-13 23:12:48,367: metrics: ['NSE', 'MSE']
2024-02-13 23:12:48,368: model: cudalstm
2024-02-13 23:12:48,369: head: regression
2024-02-13 23:12:48,371: output_activation: linear
2024-02-13 23:12:48,372: hidden_size: 20
2024-02-13 23:12:48,376: initial_forget_bias: 3
2024-02-13 23:12:48,378: output_dropout: 0.4
2024-02-13 23:12:48,379: optimizer: Adam
2024-02-13 23:12:48,380: loss: MSE
2024-02-13 23:12:48,382: learning_rate: {0: 0.01, 30: 0.005, 40: 0.001}
2024-02-13 23:12:48,382: batch_size: 256
2024-02-13 23:12:48,383: epochs: 15
2024-02-13 23:12:48,384: clip_gradient_norm: 1
2024-02-13 23:12:48,384: predict_last_n: 1
2024-02-13 23:12:48,385: seq_length: 365
2024-02-13 23:12:48,385: num_workers: 8
2024-02-13 23:12:48,386: log_interval: 5
2024-02-13 23:12:48,386: log_tensorboard: False
2024-02-13 23:12:48,387: log_n_figures: 1
2024-02-13 23:12:48,387: save_weights_every: 1
2024-02-13 23:12:48,387: dataset: usace
2024-02-13 23:12:48,388: data_dir: /Users/evanrobert/Documents/ESDL_Research/Training_Data_3_Basins
2024-02-13 23:12:48,388: dynamic_inputs: ['MF_TuleR_S10ET-POTENTIAL', 'MF_TuleR_S10FLOW', 'MF_TuleR_S10PRECIP-INC', 'MF_TuleR_S10SATURATION FRACTION', 'MF_TuleR_S10STORAGE-SOIL', 'MF_TuleR_S10SWE-OBSERVED', 'MF_TuleR_S10TEMPERATURE-AIR', 'MF_TuleR_S20ET-POTENTIAL', 'MF_TuleR_S20FLOW', 'MF_TuleR_S20PRECIP-INC', 'MF_TuleR_S20SATURATION FRACTION', 'MF_TuleR_S20STORAGE-SOIL', 'MF_TuleR_S20SWE-OBSERVED', 'MF_TuleR_S20TEMPERATURE-AIR', 'NF_TuleR_S10ET-POTENTIAL', 'NF_TuleR_S10FLOW', 'NF_TuleR_S10PRECIP-INC', 'NF_TuleR_S10SATURATION FRACTION', 'NF_TuleR_S10STORAGE-SOIL', 'NF_TuleR_S10SWE-OBSERVED', 'NF_TuleR_S10TEMPERATURE-AIR', 'ReservoirInflowFLOW', 'SF_TuleR_S10ET-POTENTIAL', 'SF_TuleR_S10FLOW', 'SF_TuleR_S10PRECIP-INC', 'SF_TuleR_S10SATURATION FRACTION', 'SF_TuleR_S10STORAGE-SOIL', 'SF_TuleR_S10SWE-OBSERVED', 'SF_TuleR_S10TEMPERATURE-AIR', 'TuleR_S10ET-POTENTIAL', 'TuleR_S10FLOW', 'TuleR_S10PRECIP-INC', 'TuleR_S10SATURATION FRACTION', 'TuleR_S10STORAGE-SOIL', 'TuleR_S10TEMPERATURE-AIR', 'TuleR_S20ET-POTENTIAL', 'TuleR_S20FLOW', 'TuleR_S20PRECIP-INC', 'TuleR_S20SATURATION FRACTION', 'TuleR_S20STORAGE-SOIL', 'TuleR_S20SWE-OBSERVED', 'TuleR_S20TEMPERATURE-AIR']
2024-02-13 23:12:48,389: target_variables: ['ReservoirInflowFLOW-OBSERVED']
2024-02-13 23:12:48,389: number_of_basins: 1
2024-02-13 23:12:48,390: run_dir: /Users/evanrobert/Documents/ESDL_Research/ESDL_LSTM/neuralhydrology/runs/exploration_run_1302_231248
2024-02-13 23:12:48,390: train_dir: /Users/evanrobert/Documents/ESDL_Research/ESDL_LSTM/neuralhydrology/runs/exploration_run_1302_231248/train_data
2024-02-13 23:12:48,390: img_log_dir: /Users/evanrobert/Documents/ESDL_Research/ESDL_LSTM/neuralhydrology/runs/exploration_run_1302_231248/img_log
2024-02-13 23:12:48,409: ### Device cpu will be used for training
2024-02-13 23:12:48,411: Loading basin data into xarray data set.
